<?xml version="1.0" encoding="UTF-8"?>
<!-- Generated by org.testng.reporters.JUnitReportReporter -->
<testsuite skipped="0" hostname="DESKTOP-0MK9CPH" name="com.smokeTest.run.runSmokeTest" tests="4" failures="0" timestamp="2019-10-17T10:17:14 IDT" time="97.301" errors="0">
  <testcase name="openURL" time="7.811" classname="com.smokeTest.run.runSmokeTest"/>
  <testcase name="registration" time="27.196" classname="com.smokeTest.run.runSmokeTest"/>
  <testcase name="signIn" time="13.674" classname="com.smokeTest.run.runSmokeTest"/>
  <testcase name="startCheckout" time="48.620" classname="com.smokeTest.run.runSmokeTest"/>
</testsuite> <!-- com.smokeTest.run.runSmokeTest -->
