<?xml version="1.0" encoding="UTF-8"?>
<!-- Generated by org.testng.reporters.JUnitReportReporter -->
<testsuite skipped="0" hostname="DESKTOP-0MK9CPH" name="com.smokeTest.run.runSmokeTest" tests="4" failures="0" timestamp="2019-10-14T15:42:09 IDT" time="91.635" errors="0">
  <testcase name="openURL" time="5.848" classname="com.smokeTest.run.runSmokeTest"/>
  <testcase name="registration" time="30.332" classname="com.smokeTest.run.runSmokeTest"/>
  <testcase name="signIn" time="20.546" classname="com.smokeTest.run.runSmokeTest"/>
  <testcase name="startCheckout" time="34.909" classname="com.smokeTest.run.runSmokeTest"/>
</testsuite> <!-- com.smokeTest.run.runSmokeTest -->
